\BOOKMARK [0][]{ctitle.0}{\376\377\127\372\116\216\155\361\136\246\133\146\116\140\166\204\154\064\116\013\130\360\176\263\126\376\120\317\123\273\126\152}{}% 1
\BOOKMARK [0][]{section*.2}{\376\377\144\130\000\040\211\201}{}% 2
\BOOKMARK [0][]{section*.4}{\376\377\000A\000b\000s\000t\000r\000a\000c\000t}{}% 3
\BOOKMARK [0][]{ccontent.0}{\376\377\166\356\000\040\137\125}{}% 4
\BOOKMARK [0][]{chapter.1}{\376\377\173\054\0001\172\340\000\040\176\352\000\040\213\272}{}% 5
\BOOKMARK [1][]{section.1.1}{\376\377\0001\000.\0001\000\040\213\376\230\230\200\314\146\157\123\312\170\024\172\166\166\204\166\356\166\204\124\214\141\017\116\111}{chapter.1}% 6
\BOOKMARK [2][]{subsection.1.1.1}{\376\377\0001\000.\0001\000.\0001\000\040\213\376\230\230\200\314\146\157}{section.1.1}% 7
\BOOKMARK [2][]{subsection.1.1.2}{\376\377\0001\000.\0001\000.\0002\000\040\170\024\172\166\166\204\166\356\166\204\124\214\141\017\116\111}{section.1.1}% 8
\BOOKMARK [1][]{section.1.2}{\376\377\0001\000.\0002\000\040\126\375\121\205\131\026\170\024\172\166\163\260\162\266}{chapter.1}% 9
\BOOKMARK [2][]{subsection.1.2.1}{\376\377\0001\000.\0002\000.\0001\000\040\154\064\116\013\147\072\126\150\116\272\230\206\127\337\170\024\172\166\163\260\162\266}{section.1.2}% 10
\BOOKMARK [2][]{subsection.1.2.2}{\376\377\0001\000.\0002\000.\0002\000\040\130\360\176\263\126\376\120\317\123\273\126\152\170\024\172\166\163\260\162\266}{section.1.2}% 11
\BOOKMARK [1][]{section.1.3}{\376\377\0001\000.\0003\000\040\147\054\145\207\166\204\116\073\211\201\170\024\172\166\121\205\133\271}{chapter.1}% 12
\BOOKMARK [0][]{chapter.2}{\376\377\173\054\0002\172\340\000\040\127\372\116\216\145\340\221\115\133\371\145\160\143\156\166\204\122\035\153\145\130\360\176\263\123\273\126\152}{}% 13
\BOOKMARK [1][]{section.2.1}{\376\377\0002\000.\0001\000\040\137\025\212\000}{chapter.2}% 14
\BOOKMARK [1][]{section.2.2}{\376\377\0002\000.\0002\000\040\130\360\176\263\126\376\120\317\142\020\120\317\123\237\164\006}{chapter.2}% 15
\BOOKMARK [2][]{subsection.2.2.1}{\376\377\0002\000.\0002\000.\0001\000\040\136\166\143\222\126\376\124\214\133\120\126\376}{section.2.2}% 16
\BOOKMARK [1][]{section.2.3}{\376\377\0002\000.\0003\000\040\131\202\117\125\120\132\121\372\173\046\124\010\211\304\203\003\166\204\157\002\116\256\166\204\126\376}{chapter.2}% 17
\BOOKMARK [2][]{subsection.2.3.1}{\376\377\0002\000.\0003\000.\0001\000\040\000T\000i\000k\000z\117\134\126\376}{section.2.3}% 18
\BOOKMARK [2][]{subsection.2.3.2}{\376\377\0002\000.\0003\000.\0002\000\040\000R\117\134\126\376}{section.2.3}% 19
\BOOKMARK [2][]{subsection.2.3.3}{\376\377\0002\000.\0003\000.\0003\000\040\116\023\116\032\176\330\126\376\135\345\121\167}{section.2.3}% 20
\BOOKMARK [1][]{section.2.4}{\376\377\0002\000.\0004\000\040\147\054\172\340\134\017\176\323}{chapter.2}% 21
\BOOKMARK [0][]{chapter.3}{\376\377\173\054\0003\172\340\000\040\143\222\162\110\121\154\137\017}{}% 22
\BOOKMARK [1][]{section.3.1}{\376\377\0003\000.\0001\000\040\137\025\212\000}{chapter.3}% 23
\BOOKMARK [1][]{section.3.2}{\376\377\0003\000.\0002\000\040\133\371\162\151\164\006\221\317\173\046\123\367\217\333\210\114\154\350\221\312\166\204\140\305\121\265}{chapter.3}% 24
\BOOKMARK [1][]{section.3.3}{\376\377\0003\000.\0003\000\040\133\120\121\154\137\017}{chapter.3}% 25
\BOOKMARK [1][]{section.3.4}{\376\377\0003\000.\0004\000\040\147\054\172\340\134\017\176\323}{chapter.3}% 26
\BOOKMARK [0][]{chapter.4}{\376\377\173\054\0004\172\340\000\040\143\222\162\110\210\150\150\074}{}% 27
\BOOKMARK [1][]{section.4.1}{\376\377\0004\000.\0001\000\040\137\025\212\000}{chapter.4}% 28
\BOOKMARK [1][]{section.4.2}{\376\377\0004\000.\0002\000\040\146\156\220\032\210\150\150\074\166\204\176\330\122\066\145\271\154\325}{chapter.4}% 29
\BOOKMARK [1][]{section.4.3}{\376\377\0004\000.\0003\000\040\225\177\210\150\150\074\166\204\176\330\122\066\145\271\154\325}{chapter.4}% 30
\BOOKMARK [1][]{section.4.4}{\376\377\0004\000.\0004\000\040\122\027\133\275\123\357\214\003\210\150\150\074\166\204\176\330\122\066\145\271\154\325}{chapter.4}% 31
\BOOKMARK [2][]{subsection.4.4.1}{\376\377\0004\000.\0004\000.\0001\000\040\210\150\150\074\121\205\147\320\123\125\121\103\150\074\121\205\133\271\217\307\225\177\166\204\140\305\121\265}{section.4.4}% 32
\BOOKMARK [2][]{subsection.4.4.2}{\376\377\0004\000.\0004\000.\0002\000\040\143\222\162\110\152\052\162\110\210\150\150\074\166\204\116\076\117\213}{section.4.4}% 33
\BOOKMARK [1][]{section.4.5}{\376\377\0004\000.\0005\000\040\147\054\172\340\134\017\176\323}{chapter.4}% 34
\BOOKMARK [0][]{chapter.5}{\376\377\173\054\0005\172\340\000\040\137\025\165\050\123\302\200\003\145\207\163\056}{}% 35
\BOOKMARK [1][]{section.5.1}{\376\377\0005\000.\0001\000\040\137\025\212\000}{chapter.5}% 36
\BOOKMARK [1][]{section.5.2}{\376\377\0005\000.\0002\000\040\123\302\200\003\145\207\163\056\137\025\165\050\145\271\154\325}{chapter.5}% 37
\BOOKMARK [1][]{section.5.3}{\376\377\0005\000.\0003\000\040\147\054\172\340\134\017\176\323}{chapter.5}% 38
\BOOKMARK [0][]{chapter.6}{\376\377\173\054\0006\172\340\000\040\210\145\121\105\213\364\146\016}{}% 39
\BOOKMARK [1][]{section.6.1}{\376\377\0006\000.\0001\000\040\137\025\212\000}{chapter.6}% 40
\BOOKMARK [1][]{section.6.2}{\376\377\0006\000.\0002\000\040\121\163\116\216\145\160\133\127}{chapter.6}% 41
\BOOKMARK [1][]{section.6.3}{\376\377\0006\000.\0003\000\040\175\042\137\025\171\072\117\213}{chapter.6}% 42
\BOOKMARK [1][]{section.6.4}{\376\377\0006\000.\0004\000\040\147\057\213\355\143\222\162\110\116\076\117\213}{chapter.6}% 43
\BOOKMARK [1][]{section.6.5}{\376\377\0006\000.\0005\000\040\133\232\164\006\124\214\133\232\116\111\173\111}{chapter.6}% 44
\BOOKMARK [1][]{section.6.6}{\376\377\0006\000.\0006\000\040\121\166\116\326\147\102\230\171}{chapter.6}% 45
\BOOKMARK [2][]{subsection.6.6.1}{\376\377\0006\000.\0006\000.\0001\000\040\123\363\177\373\230\165}{section.6.6}% 46
\BOOKMARK [2][]{subsection.6.6.2}{\376\377\0006\000.\0006\000.\0002\000\040\173\227\154\325}{section.6.6}% 47
\BOOKMARK [2][]{subsection.6.6.3}{\376\377\0006\000.\0006\000.\0003\000\040\201\032\154\350}{section.6.6}% 48
\BOOKMARK [2][]{subsection.6.6.4}{\376\377\0006\000.\0006\000.\0004\000\040\156\220\170\001}{section.6.6}% 49
\BOOKMARK [2][]{subsection.6.6.5}{\376\377\0006\000.\0006\000.\0005\000\040\140\035\156\220\133\213\117\123}{section.6.6}% 50
\BOOKMARK [2][]{subsection.6.6.6}{\376\377\0006\000.\0006\000.\0006\000\040\147\057\213\355\213\315\154\107\173\241\164\006}{section.6.6}% 51
\BOOKMARK [1][]{section.6.7}{\376\377\0006\000.\0007\000\040\147\054\172\340\134\017\176\323}{chapter.6}% 52
\BOOKMARK [0][]{section*.31}{\376\377\176\323\000\040\213\272}{}% 53
\BOOKMARK [0][]{section*.34}{\376\377\123\302\200\003\145\207\163\056}{}% 54
\BOOKMARK [0][]{section*.36}{\376\377\145\073\213\373\133\146\130\353\133\146\117\115\147\037\225\364\123\326\137\227\122\033\145\260\140\047\142\020\147\234}{}% 55
\BOOKMARK [0][]{chapter*.39}{\376\377\124\310\134\024\156\350\135\345\116\032\131\047\133\146\147\054\171\321\153\325\116\032\213\272\145\207\377\010\213\276\213\241\377\011\123\237\122\033\140\047\130\360\146\016\124\214\117\177\165\050\147\103\226\120\000\040}{}% 56
\BOOKMARK [0][]{section*.40}{\376\377\201\364\000\040\214\042}{}% 57
